{"/Users/lukesowinski/Projects/grail-take-home/registry-service/src/server.ts": {"path":"/Users/lukesowinski/Projects/grail-take-home/registry-service/src/server.ts","statementMap":{"0":{"start":{"line":1,"column":0},"end":{"line":1,"column":30}},"1":{"start":{"line":3,"column":0},"end":{"line":3,"column":56}},"2":{"start":{"line":4,"column":0},"end":{"line":4,"column":58}},"3":{"start":{"line":6,"column":21},"end":{"line":32,"column":1}},"4":{"start":{"line":7,"column":14},"end":{"line":7,"column":27}},"5":{"start":{"line":10,"column":2},"end":{"line":12,"column":null}},"6":{"start":{"line":11,"column":4},"end":{"line":11,"column":26}},"7":{"start":{"line":14,"column":2},"end":{"line":23,"column":5}},"8":{"start":{"line":14,"column":14},"end":{"line":14,"column":39}},"9":{"start":{"line":15,"column":4},"end":{"line":22,"column":6}},"10":{"start":{"line":16,"column":26},"end":{"line":20,"column":8}},"11":{"start":{"line":21,"column":6},"end":{"line":21,"column":34}},"12":{"start":{"line":25,"column":2},"end":{"line":27,"column":5}},"13":{"start":{"line":25,"column":37},"end":{"line":27,"column":4}},"14":{"start":{"line":26,"column":4},"end":{"line":26,"column":28}},"15":{"start":{"line":29,"column":2},"end":{"line":29,"column":57}},"16":{"start":{"line":31,"column":2},"end":{"line":31,"column":13}},"17":{"start":{"line":6,"column":13},"end":{"line":6,"column":21}}},"fnMap":{"0":{"name":"(anonymous_14)","decl":{"start":{"line":6,"column":21},"end":{"line":6,"column":22}},"loc":{"start":{"line":6,"column":35},"end":{"line":32,"column":1}}},"1":{"name":"(anonymous_15)","decl":{"start":{"line":14,"column":14},"end":{"line":14,"column":22}},"loc":{"start":{"line":14,"column":14},"end":{"line":14,"column":39}}},"2":{"name":"(anonymous_16)","decl":{"start":{"line":14,"column":39},"end":{"line":14,"column":42}},"loc":{"start":{"line":14,"column":44},"end":{"line":23,"column":3}}},"3":{"name":"(anonymous_17)","decl":{"start":{"line":15,"column":11},"end":{"line":15,"column":12}},"loc":{"start":{"line":15,"column":39},"end":{"line":22,"column":5}}},"4":{"name":"(anonymous_18)","decl":{"start":{"line":25,"column":26},"end":{"line":25,"column":35}},"loc":{"start":{"line":25,"column":37},"end":{"line":27,"column":4}}},"5":{"name":"(anonymous_19)","decl":{"start":{"line":25,"column":37},"end":{"line":25,"column":null}},"loc":{"start":{"line":25,"column":37},"end":{"line":27,"column":3}}}},"branchMap":{"0":{"loc":{"start":{"line":6,"column":22},"end":{"line":6,"column":31}},"type":"default-arg","locations":[{"start":{"line":6,"column":29},"end":{"line":6,"column":31}}]}},"s":{"0":1,"1":1,"2":1,"3":1,"4":1,"5":1,"6":12,"7":1,"8":1,"9":1,"10":10,"11":10,"12":1,"13":0,"14":0,"15":1,"16":1,"17":1},"f":{"0":1,"1":1,"2":1,"3":10,"4":0,"5":0},"b":{"0":[1]}}
,"/Users/lukesowinski/Projects/grail-take-home/registry-service/src/mockIdServer/index.ts": {"path":"/Users/lukesowinski/Projects/grail-take-home/registry-service/src/mockIdServer/index.ts","statementMap":{"0":{"start":{"line":1,"column":40},"end":{"line":5,"column":1}},"1":{"start":{"line":2,"column":2},"end":{"line":4,"column":4}},"2":{"start":{"line":3,"column":4},"end":{"line":3,"column":50}},"3":{"start":{"line":1,"column":13},"end":{"line":1,"column":40}}},"fnMap":{"0":{"name":"(anonymous_0)","decl":{"start":{"line":1,"column":40},"end":{"line":1,"column":43}},"loc":{"start":{"line":1,"column":45},"end":{"line":5,"column":1}}},"1":{"name":"(anonymous_1)","decl":{"start":{"line":2,"column":29},"end":{"line":2,"column":30}},"loc":{"start":{"line":3,"column":4},"end":{"line":3,"column":50}}}},"branchMap":{},"s":{"0":1,"1":1,"2":1,"3":1},"f":{"0":1,"1":1},"b":{}}
,"/Users/lukesowinski/Projects/grail-take-home/registry-service/src/modules/patient.controller.ts": {"path":"/Users/lukesowinski/Projects/grail-take-home/registry-service/src/modules/patient.controller.ts","statementMap":{"0":{"start":{"line":2,"column":0},"end":{"line":2,"column":59}},"1":{"start":{"line":4,"column":0},"end":{"line":4,"column":49}},"2":{"start":{"line":7,"column":0},"end":{"line":7,"column":null}},"3":{"start":{"line":15,"column":37},"end":{"line":29,"column":2}},"4":{"start":{"line":18,"column":4},"end":{"line":29,"column":2}},"5":{"start":{"line":19,"column":2},"end":{"line":28,"column":null}},"6":{"start":{"line":20,"column":21},"end":{"line":20,"column":43}},"7":{"start":{"line":22,"column":30},"end":{"line":23,"column":null}},"8":{"start":{"line":23,"column":6},"end":{"line":23,"column":28}},"9":{"start":{"line":25,"column":4},"end":{"line":25,"column":57}},"10":{"start":{"line":27,"column":4},"end":{"line":27,"column":27}},"11":{"start":{"line":15,"column":13},"end":{"line":15,"column":37}},"12":{"start":{"line":31,"column":33},"end":{"line":50,"column":2}},"13":{"start":{"line":34,"column":4},"end":{"line":50,"column":2}},"14":{"start":{"line":35,"column":2},"end":{"line":49,"column":null}},"15":{"start":{"line":36,"column":26},"end":{"line":36,"column":40}},"16":{"start":{"line":37,"column":20},"end":{"line":37,"column":47}},"17":{"start":{"line":39,"column":4},"end":{"line":43,"column":null}},"18":{"start":{"line":40,"column":6},"end":{"line":42,"column":9}},"19":{"start":{"line":45,"column":29},"end":{"line":45,"column":51}},"20":{"start":{"line":46,"column":4},"end":{"line":46,"column":50}},"21":{"start":{"line":48,"column":4},"end":{"line":48,"column":27}},"22":{"start":{"line":31,"column":13},"end":{"line":31,"column":33}},"23":{"start":{"line":52,"column":38},"end":{"line":72,"column":2}},"24":{"start":{"line":55,"column":4},"end":{"line":72,"column":2}},"25":{"start":{"line":56,"column":2},"end":{"line":71,"column":null}},"26":{"start":{"line":58,"column":30},"end":{"line":58,"column":62}},"27":{"start":{"line":60,"column":17},"end":{"line":62,"column":null}},"28":{"start":{"line":65,"column":27},"end":{"line":65,"column":55}},"29":{"start":{"line":66,"column":29},"end":{"line":66,"column":58}},"30":{"start":{"line":68,"column":4},"end":{"line":68,"column":50}},"31":{"start":{"line":70,"column":4},"end":{"line":70,"column":27}},"32":{"start":{"line":52,"column":13},"end":{"line":52,"column":38}},"33":{"start":{"line":74,"column":36},"end":{"line":99,"column":2}},"34":{"start":{"line":80,"column":4},"end":{"line":99,"column":2}},"35":{"start":{"line":81,"column":2},"end":{"line":98,"column":null}},"36":{"start":{"line":82,"column":26},"end":{"line":82,"column":40}},"37":{"start":{"line":83,"column":27},"end":{"line":83,"column":39}},"38":{"start":{"line":84,"column":20},"end":{"line":84,"column":47}},"39":{"start":{"line":86,"column":4},"end":{"line":90,"column":null}},"40":{"start":{"line":87,"column":6},"end":{"line":89,"column":9}},"41":{"start":{"line":92,"column":27},"end":{"line":92,"column":73}},"42":{"start":{"line":93,"column":29},"end":{"line":93,"column":58}},"43":{"start":{"line":95,"column":4},"end":{"line":95,"column":50}},"44":{"start":{"line":97,"column":4},"end":{"line":97,"column":27}},"45":{"start":{"line":74,"column":13},"end":{"line":74,"column":36}},"46":{"start":{"line":101,"column":36},"end":{"line":120,"column":2}},"47":{"start":{"line":104,"column":4},"end":{"line":120,"column":2}},"48":{"start":{"line":105,"column":2},"end":{"line":119,"column":null}},"49":{"start":{"line":106,"column":26},"end":{"line":106,"column":40}},"50":{"start":{"line":107,"column":20},"end":{"line":107,"column":47}},"51":{"start":{"line":109,"column":4},"end":{"line":113,"column":null}},"52":{"start":{"line":110,"column":6},"end":{"line":112,"column":9}},"53":{"start":{"line":115,"column":4},"end":{"line":115,"column":35}},"54":{"start":{"line":116,"column":4},"end":{"line":116,"column":36}},"55":{"start":{"line":118,"column":4},"end":{"line":118,"column":27}},"56":{"start":{"line":101,"column":13},"end":{"line":101,"column":36}}},"fnMap":{"0":{"name":"(anonymous_7)","decl":{"start":{"line":15,"column":37},"end":{"line":15,"column":null}},"loc":{"start":{"line":18,"column":4},"end":{"line":29,"column":2}}},"1":{"name":"(anonymous_8)","decl":{"start":{"line":18,"column":4},"end":{"line":18,"column":null}},"loc":{"start":{"line":18,"column":4},"end":{"line":29,"column":1}}},"2":{"name":"(anonymous_9)","decl":{"start":{"line":22,"column":44},"end":{"line":22,"column":45}},"loc":{"start":{"line":23,"column":6},"end":{"line":23,"column":28}}},"3":{"name":"(anonymous_10)","decl":{"start":{"line":31,"column":33},"end":{"line":31,"column":null}},"loc":{"start":{"line":34,"column":4},"end":{"line":50,"column":2}}},"4":{"name":"(anonymous_11)","decl":{"start":{"line":34,"column":4},"end":{"line":34,"column":null}},"loc":{"start":{"line":34,"column":4},"end":{"line":50,"column":1}}},"5":{"name":"(anonymous_12)","decl":{"start":{"line":52,"column":38},"end":{"line":52,"column":null}},"loc":{"start":{"line":55,"column":4},"end":{"line":72,"column":2}}},"6":{"name":"(anonymous_13)","decl":{"start":{"line":55,"column":4},"end":{"line":55,"column":null}},"loc":{"start":{"line":55,"column":4},"end":{"line":72,"column":1}}},"7":{"name":"(anonymous_14)","decl":{"start":{"line":74,"column":36},"end":{"line":74,"column":null}},"loc":{"start":{"line":80,"column":4},"end":{"line":99,"column":2}}},"8":{"name":"(anonymous_15)","decl":{"start":{"line":80,"column":4},"end":{"line":80,"column":null}},"loc":{"start":{"line":80,"column":4},"end":{"line":99,"column":1}}},"9":{"name":"(anonymous_16)","decl":{"start":{"line":101,"column":36},"end":{"line":101,"column":null}},"loc":{"start":{"line":104,"column":4},"end":{"line":120,"column":2}}},"10":{"name":"(anonymous_17)","decl":{"start":{"line":104,"column":4},"end":{"line":104,"column":null}},"loc":{"start":{"line":104,"column":4},"end":{"line":120,"column":1}}}},"branchMap":{"0":{"loc":{"start":{"line":22,"column":30},"end":{"line":23,"column":null}},"type":"cond-expr","locations":[{"start":{"line":22,"column":38},"end":{"line":22,"column":40}},{"start":{"line":22,"column":30},"end":{"line":23,"column":null}}]},"1":{"loc":{"start":{"line":22,"column":30},"end":{"line":22,"column":40}},"type":"binary-expr","locations":[{"start":{"line":22,"column":30},"end":{"line":22,"column":40}},{"start":{"line":22,"column":30},"end":{"line":22,"column":40}}]},"2":{"loc":{"start":{"line":25,"column":32},"end":{"line":25,"column":55}},"type":"binary-expr","locations":[{"start":{"line":25,"column":32},"end":{"line":25,"column":49}},{"start":{"line":25,"column":53},"end":{"line":25,"column":55}}]},"3":{"loc":{"start":{"line":39,"column":4},"end":{"line":43,"column":null}},"type":"if","locations":[{"start":{"line":39,"column":4},"end":{"line":43,"column":null}}]},"4":{"loc":{"start":{"line":86,"column":4},"end":{"line":90,"column":null}},"type":"if","locations":[{"start":{"line":86,"column":4},"end":{"line":90,"column":null}}]},"5":{"loc":{"start":{"line":109,"column":4},"end":{"line":113,"column":null}},"type":"if","locations":[{"start":{"line":109,"column":4},"end":{"line":113,"column":null}}]}},"s":{"0":1,"1":1,"2":1,"3":1,"4":2,"5":2,"6":2,"7":2,"8":3,"9":2,"10":0,"11":1,"12":1,"13":2,"14":2,"15":2,"16":2,"17":2,"18":1,"19":1,"20":1,"21":0,"22":1,"23":1,"24":1,"25":1,"26":1,"27":1,"28":1,"29":1,"30":1,"31":0,"32":1,"33":1,"34":2,"35":2,"36":2,"37":2,"38":2,"39":2,"40":1,"41":1,"42":1,"43":1,"44":0,"45":1,"46":1,"47":2,"48":2,"49":2,"50":2,"51":2,"52":1,"53":1,"54":1,"55":0,"56":1},"f":{"0":2,"1":2,"2":3,"3":2,"4":2,"5":1,"6":1,"7":2,"8":2,"9":2,"10":2},"b":{"0":[0,2],"1":[2,2],"2":[2,0],"3":[1],"4":[1],"5":[1]}}
,"/Users/lukesowinski/Projects/grail-take-home/registry-service/src/modules/patient.route.ts": {"path":"/Users/lukesowinski/Projects/grail-take-home/registry-service/src/modules/patient.route.ts","statementMap":{"0":{"start":{"line":3,"column":0},"end":{"line":3,"column":null}},"1":{"start":{"line":10,"column":0},"end":{"line":10,"column":40}},"2":{"start":{"line":12,"column":29},"end":{"line":56,"column":2}},"3":{"start":{"line":12,"column":63},"end":{"line":56,"column":2}},"4":{"start":{"line":13,"column":2},"end":{"line":21,"column":4}},"5":{"start":{"line":23,"column":2},"end":{"line":31,"column":4}},"6":{"start":{"line":33,"column":2},"end":{"line":42,"column":4}},"7":{"start":{"line":44,"column":2},"end":{"line":53,"column":4}},"8":{"start":{"line":55,"column":2},"end":{"line":55,"column":53}},"9":{"start":{"line":12,"column":13},"end":{"line":12,"column":29}}},"fnMap":{"0":{"name":"(anonymous_7)","decl":{"start":{"line":12,"column":29},"end":{"line":12,"column":36}},"loc":{"start":{"line":12,"column":63},"end":{"line":56,"column":2}}},"1":{"name":"(anonymous_8)","decl":{"start":{"line":12,"column":63},"end":{"line":12,"column":null}},"loc":{"start":{"line":12,"column":63},"end":{"line":56,"column":1}}}},"branchMap":{},"s":{"0":1,"1":1,"2":1,"3":1,"4":1,"5":1,"6":1,"7":1,"8":1,"9":1},"f":{"0":1,"1":1},"b":{}}
,"/Users/lukesowinski/Projects/grail-take-home/registry-service/src/modules/patient.schema.ts": {"path":"/Users/lukesowinski/Projects/grail-take-home/registry-service/src/modules/patient.schema.ts","statementMap":{"0":{"start":{"line":1,"column":0},"end":{"line":1,"column":24}},"1":{"start":{"line":2,"column":0},"end":{"line":2,"column":47}},"2":{"start":{"line":4,"column":0},"end":{"line":4,"column":51}},"3":{"start":{"line":6,"column":16},"end":{"line":25,"column":2}},"4":{"start":{"line":27,"column":20},"end":{"line":41,"column":2}},"5":{"start":{"line":43,"column":28},"end":{"line":43,"column":68}},"6":{"start":{"line":45,"column":22},"end":{"line":50,"column":null}},"7":{"start":{"line":53,"column":26},"end":{"line":53,"column":48}},"8":{"start":{"line":55,"column":28},"end":{"line":64,"column":2}},"9":{"start":{"line":73,"column":13},"end":{"line":73,"column":49}}},"fnMap":{},"branchMap":{},"s":{"0":1,"1":1,"2":1,"3":1,"4":1,"5":1,"6":1,"7":1,"8":1,"9":1},"f":{},"b":{}}
,"/Users/lukesowinski/Projects/grail-take-home/registry-service/src/modules/patient.service.ts": {"path":"/Users/lukesowinski/Projects/grail-take-home/registry-service/src/modules/patient.service.ts","statementMap":{"0":{"start":{"line":1,"column":0},"end":{"line":1,"column":41}},"1":{"start":{"line":4,"column":29},"end":{"line":10,"column":1}},"2":{"start":{"line":7,"column":2},"end":{"line":9,"column":5}},"3":{"start":{"line":4,"column":13},"end":{"line":4,"column":29}},"4":{"start":{"line":12,"column":26},"end":{"line":14,"column":1}},"5":{"start":{"line":13,"column":2},"end":{"line":13,"column":69}},"6":{"start":{"line":12,"column":13},"end":{"line":12,"column":26}},"7":{"start":{"line":16,"column":30},"end":{"line":18,"column":1}},"8":{"start":{"line":17,"column":2},"end":{"line":17,"column":35}},"9":{"start":{"line":16,"column":13},"end":{"line":16,"column":30}},"10":{"start":{"line":20,"column":29},"end":{"line":22,"column":1}},"11":{"start":{"line":21,"column":2},"end":{"line":21,"column":65}},"12":{"start":{"line":20,"column":13},"end":{"line":20,"column":29}},"13":{"start":{"line":24,"column":29},"end":{"line":32,"column":1}},"14":{"start":{"line":28,"column":2},"end":{"line":31,"column":5}},"15":{"start":{"line":24,"column":13},"end":{"line":24,"column":29}}},"fnMap":{"0":{"name":"(anonymous_0)","decl":{"start":{"line":4,"column":29},"end":{"line":4,"column":null}},"loc":{"start":{"line":6,"column":4},"end":{"line":10,"column":1}}},"1":{"name":"(anonymous_1)","decl":{"start":{"line":12,"column":26},"end":{"line":12,"column":27}},"loc":{"start":{"line":12,"column":56},"end":{"line":14,"column":1}}},"2":{"name":"(anonymous_2)","decl":{"start":{"line":16,"column":30},"end":{"line":16,"column":33}},"loc":{"start":{"line":16,"column":35},"end":{"line":18,"column":1}}},"3":{"name":"(anonymous_3)","decl":{"start":{"line":20,"column":29},"end":{"line":20,"column":30}},"loc":{"start":{"line":20,"column":59},"end":{"line":22,"column":1}}},"4":{"name":"(anonymous_4)","decl":{"start":{"line":24,"column":29},"end":{"line":24,"column":null}},"loc":{"start":{"line":27,"column":4},"end":{"line":32,"column":1}}}},"branchMap":{},"s":{"0":2,"1":2,"2":2,"3":2,"4":2,"5":6,"6":2,"7":2,"8":2,"9":2,"10":2,"11":1,"12":2,"13":2,"14":1,"15":2},"f":{"0":2,"1":6,"2":2,"3":1,"4":1},"b":{}}
,"/Users/lukesowinski/Projects/grail-take-home/registry-service/src/test-helpers/dbquery-helpers.ts": {"path":"/Users/lukesowinski/Projects/grail-take-home/registry-service/src/test-helpers/dbquery-helpers.ts","statementMap":{"0":{"start":{"line":1,"column":0},"end":{"line":1,"column":41}},"1":{"start":{"line":4,"column":30},"end":{"line":17,"column":1}},"2":{"start":{"line":7,"column":2},"end":{"line":16,"column":null}},"3":{"start":{"line":8,"column":4},"end":{"line":13,"column":7}},"4":{"start":{"line":15,"column":4},"end":{"line":15,"column":25}},"5":{"start":{"line":4,"column":13},"end":{"line":4,"column":30}},"6":{"start":{"line":19,"column":37},"end":{"line":21,"column":1}},"7":{"start":{"line":20,"column":2},"end":{"line":20,"column":39}},"8":{"start":{"line":19,"column":13},"end":{"line":19,"column":37}},"9":{"start":{"line":23,"column":30},"end":{"line":27,"column":1}},"10":{"start":{"line":24,"column":2},"end":{"line":26,"column":5}},"11":{"start":{"line":23,"column":13},"end":{"line":23,"column":30}}},"fnMap":{"0":{"name":"(anonymous_0)","decl":{"start":{"line":4,"column":30},"end":{"line":4,"column":null}},"loc":{"start":{"line":6,"column":4},"end":{"line":17,"column":1}}},"1":{"name":"(anonymous_1)","decl":{"start":{"line":19,"column":37},"end":{"line":19,"column":40}},"loc":{"start":{"line":19,"column":42},"end":{"line":21,"column":1}}},"2":{"name":"(anonymous_2)","decl":{"start":{"line":23,"column":30},"end":{"line":23,"column":31}},"loc":{"start":{"line":23,"column":60},"end":{"line":27,"column":1}}}},"branchMap":{},"s":{"0":1,"1":1,"2":6,"3":6,"4":0,"5":1,"6":1,"7":11,"8":1,"9":1,"10":1,"11":1},"f":{"0":6,"1":11,"2":1},"b":{}}
,"/Users/lukesowinski/Projects/grail-take-home/registry-service/src/test-helpers/mocks.ts": {"path":"/Users/lukesowinski/Projects/grail-take-home/registry-service/src/test-helpers/mocks.ts","statementMap":{"0":{"start":{"line":1,"column":27},"end":{"line":15,"column":1}},"1":{"start":{"line":2,"column":2},"end":{"line":14,"column":4}},"2":{"start":{"line":1,"column":13},"end":{"line":1,"column":27}},"3":{"start":{"line":17,"column":32},"end":{"line":28,"column":1}},"4":{"start":{"line":18,"column":2},"end":{"line":27,"column":4}},"5":{"start":{"line":17,"column":13},"end":{"line":17,"column":32}}},"fnMap":{"0":{"name":"(anonymous_0)","decl":{"start":{"line":1,"column":27},"end":{"line":1,"column":28}},"loc":{"start":{"line":1,"column":57},"end":{"line":15,"column":1}}},"1":{"name":"(anonymous_1)","decl":{"start":{"line":17,"column":32},"end":{"line":17,"column":35}},"loc":{"start":{"line":17,"column":37},"end":{"line":28,"column":1}}}},"branchMap":{},"s":{"0":1,"1":2,"2":1,"3":1,"4":6,"5":1},"f":{"0":2,"1":6},"b":{}}
,"/Users/lukesowinski/Projects/grail-take-home/registry-service/src/test-helpers/prisma-mock.ts": {"path":"/Users/lukesowinski/Projects/grail-take-home/registry-service/src/test-helpers/prisma-mock.ts","statementMap":{"0":{"start":{"line":6,"column":0},"end":{"line":9,"column":4}},"1":{"start":{"line":6,"column":36},"end":{"line":9,"column":2}},"2":{"start":{"line":2,"column":0},"end":{"line":2,"column":72}},"3":{"start":{"line":4,"column":0},"end":{"line":4,"column":41}},"4":{"start":{"line":11,"column":0},"end":{"line":13,"column":3}},"5":{"start":{"line":12,"column":2},"end":{"line":12,"column":24}},"6":{"start":{"line":15,"column":13},"end":{"line":15,"column":75}}},"fnMap":{"0":{"name":"(anonymous_0)","decl":{"start":{"line":6,"column":29},"end":{"line":6,"column":32}},"loc":{"start":{"line":6,"column":36},"end":{"line":9,"column":2}}},"1":{"name":"(anonymous_1)","decl":{"start":{"line":11,"column":11},"end":{"line":11,"column":14}},"loc":{"start":{"line":11,"column":16},"end":{"line":13,"column":1}}}},"branchMap":{},"s":{"0":1,"1":1,"2":1,"3":1,"4":1,"5":1,"6":1},"f":{"0":1,"1":1},"b":{}}
,"/Users/lukesowinski/Projects/grail-take-home/registry-service/src/utils/date.ts": {"path":"/Users/lukesowinski/Projects/grail-take-home/registry-service/src/utils/date.ts","statementMap":{"0":{"start":{"line":1,"column":0},"end":{"line":1,"column":24}},"1":{"start":{"line":4,"column":2},"end":{"line":4,"column":287}},"2":{"start":{"line":6,"column":13},"end":{"line":6,"column":62}}},"fnMap":{},"branchMap":{},"s":{"0":1,"1":1,"2":1},"f":{},"b":{}}
,"/Users/lukesowinski/Projects/grail-take-home/registry-service/src/utils/patient.ts": {"path":"/Users/lukesowinski/Projects/grail-take-home/registry-service/src/utils/patient.ts","statementMap":{"0":{"start":{"line":3,"column":29},"end":{"line":19,"column":1}},"1":{"start":{"line":4,"column":18},"end":{"line":9,"column":4}},"2":{"start":{"line":10,"column":2},"end":{"line":18,"column":4}},"3":{"start":{"line":3,"column":13},"end":{"line":3,"column":29}}},"fnMap":{"0":{"name":"(anonymous_0)","decl":{"start":{"line":3,"column":29},"end":{"line":3,"column":30}},"loc":{"start":{"line":3,"column":50},"end":{"line":19,"column":1}}}},"branchMap":{},"s":{"0":1,"1":6,"2":6,"3":1},"f":{"0":6},"b":{}}
,"/Users/lukesowinski/Projects/grail-take-home/registry-service/src/utils/prisma.ts": {"path":"/Users/lukesowinski/Projects/grail-take-home/registry-service/src/utils/prisma.ts","statementMap":{"0":{"start":{"line":1,"column":0},"end":{"line":1,"column":46}},"1":{"start":{"line":3,"column":13},"end":{"line":3,"column":41}}},"fnMap":{},"branchMap":{},"s":{"0":1,"1":1},"f":{},"b":{}}
}
