TN:
SF:src/server.ts
FN:6,(anonymous_14)
FN:14,(anonymous_15)
FN:14,(anonymous_16)
FN:15,(anonymous_17)
FN:25,(anonymous_18)
FN:25,(anonymous_19)
FNF:6
FNH:4
FNDA:1,(anonymous_14)
FNDA:1,(anonymous_15)
FNDA:1,(anonymous_16)
FNDA:10,(anonymous_17)
FNDA:0,(anonymous_18)
FNDA:0,(anonymous_19)
DA:1,1
DA:3,1
DA:4,1
DA:6,1
DA:7,1
DA:10,1
DA:11,12
DA:14,1
DA:15,1
DA:16,10
DA:21,10
DA:25,1
DA:26,0
DA:29,1
DA:31,1
LF:15
LH:14
BRDA:6,0,0,1
BRF:1
BRH:1
end_of_record
TN:
SF:src/mockIdServer/index.ts
FN:1,(anonymous_0)
FN:2,(anonymous_1)
FNF:2
FNH:2
FNDA:1,(anonymous_0)
FNDA:1,(anonymous_1)
DA:1,1
DA:2,1
DA:3,1
LF:3
LH:3
BRF:0
BRH:0
end_of_record
TN:
SF:src/modules/patient.controller.ts
FN:15,(anonymous_7)
FN:18,(anonymous_8)
FN:22,(anonymous_9)
FN:31,(anonymous_10)
FN:34,(anonymous_11)
FN:52,(anonymous_12)
FN:55,(anonymous_13)
FN:74,(anonymous_14)
FN:80,(anonymous_15)
FN:101,(anonymous_16)
FN:104,(anonymous_17)
FNF:11
FNH:11
FNDA:2,(anonymous_7)
FNDA:2,(anonymous_8)
FNDA:3,(anonymous_9)
FNDA:2,(anonymous_10)
FNDA:2,(anonymous_11)
FNDA:1,(anonymous_12)
FNDA:1,(anonymous_13)
FNDA:2,(anonymous_14)
FNDA:2,(anonymous_15)
FNDA:2,(anonymous_16)
FNDA:2,(anonymous_17)
DA:2,1
DA:4,1
DA:7,1
DA:15,1
DA:18,2
DA:19,2
DA:20,2
DA:22,2
DA:23,3
DA:25,2
DA:27,0
DA:31,1
DA:34,2
DA:35,2
DA:36,2
DA:37,2
DA:39,2
DA:40,1
DA:45,1
DA:46,1
DA:48,0
DA:52,1
DA:55,1
DA:56,1
DA:58,1
DA:60,1
DA:65,1
DA:66,1
DA:68,1
DA:70,0
DA:74,1
DA:80,2
DA:81,2
DA:82,2
DA:83,2
DA:84,2
DA:86,2
DA:87,1
DA:92,1
DA:93,1
DA:95,1
DA:97,0
DA:101,1
DA:104,2
DA:105,2
DA:106,2
DA:107,2
DA:109,2
DA:110,1
DA:115,1
DA:116,1
DA:118,0
LF:52
LH:47
BRDA:22,0,0,0
BRDA:22,0,1,2
BRDA:22,1,0,2
BRDA:22,1,1,2
BRDA:25,2,0,2
BRDA:25,2,1,0
BRDA:39,3,0,1
BRDA:86,4,0,1
BRDA:109,5,0,1
BRF:9
BRH:7
end_of_record
TN:
SF:src/modules/patient.route.ts
FN:12,(anonymous_7)
FN:12,(anonymous_8)
FNF:2
FNH:2
FNDA:1,(anonymous_7)
FNDA:1,(anonymous_8)
DA:3,1
DA:10,1
DA:12,1
DA:13,1
DA:23,1
DA:33,1
DA:44,1
DA:55,1
LF:8
LH:8
BRF:0
BRH:0
end_of_record
TN:
SF:src/modules/patient.schema.ts
FNF:0
FNH:0
DA:1,1
DA:2,1
DA:4,1
DA:6,1
DA:27,1
DA:43,1
DA:45,1
DA:53,1
DA:55,1
DA:73,1
LF:10
LH:10
BRF:0
BRH:0
end_of_record
TN:
SF:src/modules/patient.service.ts
FN:4,(anonymous_0)
FN:12,(anonymous_1)
FN:16,(anonymous_2)
FN:20,(anonymous_3)
FN:24,(anonymous_4)
FNF:5
FNH:5
FNDA:2,(anonymous_0)
FNDA:6,(anonymous_1)
FNDA:2,(anonymous_2)
FNDA:1,(anonymous_3)
FNDA:1,(anonymous_4)
DA:1,2
DA:4,2
DA:7,2
DA:12,2
DA:13,6
DA:16,2
DA:17,2
DA:20,2
DA:21,1
DA:24,2
DA:28,1
LF:11
LH:11
BRF:0
BRH:0
end_of_record
TN:
SF:src/test-helpers/dbquery-helpers.ts
FN:4,(anonymous_0)
FN:19,(anonymous_1)
FN:23,(anonymous_2)
FNF:3
FNH:3
FNDA:6,(anonymous_0)
FNDA:11,(anonymous_1)
FNDA:1,(anonymous_2)
DA:1,1
DA:4,1
DA:7,6
DA:8,6
DA:15,0
DA:19,1
DA:20,11
DA:23,1
DA:24,1
LF:9
LH:8
BRF:0
BRH:0
end_of_record
TN:
SF:src/test-helpers/mocks.ts
FN:1,(anonymous_0)
FN:17,(anonymous_1)
FNF:2
FNH:2
FNDA:2,(anonymous_0)
FNDA:6,(anonymous_1)
DA:1,1
DA:2,2
DA:17,1
DA:18,6
LF:4
LH:4
BRF:0
BRH:0
end_of_record
TN:
SF:src/test-helpers/prisma-mock.ts
FN:6,(anonymous_0)
FN:11,(anonymous_1)
FNF:2
FNH:2
FNDA:1,(anonymous_0)
FNDA:1,(anonymous_1)
DA:2,1
DA:4,1
DA:6,1
DA:11,1
DA:12,1
DA:15,1
LF:6
LH:6
BRF:0
BRH:0
end_of_record
TN:
SF:src/utils/date.ts
FNF:0
FNH:0
DA:1,1
DA:4,1
DA:6,1
LF:3
LH:3
BRF:0
BRH:0
end_of_record
TN:
SF:src/utils/patient.ts
FN:3,(anonymous_0)
FNF:1
FNH:1
FNDA:6,(anonymous_0)
DA:3,1
DA:4,6
DA:10,6
LF:3
LH:3
BRF:0
BRH:0
end_of_record
TN:
SF:src/utils/prisma.ts
FNF:0
FNH:0
DA:1,1
DA:3,1
LF:2
LH:2
BRF:0
BRH:0
end_of_record
